[debug] [2025-04-29T05:36:19.380Z] ----------------------------------------------------------------------
[debug] [2025-04-29T05:36:19.398Z] Command:       C:\Program Files\nodejs\node.exe C:\Users\evant\AppData\Roaming\npm\node_modules\firebase-tools\lib\bin\firebase.js init
[debug] [2025-04-29T05:36:19.401Z] CLI Version:   14.2.1
[debug] [2025-04-29T05:36:19.408Z] Platform:      win32
[debug] [2025-04-29T05:36:19.409Z] Node Version:  v22.15.0
[debug] [2025-04-29T05:36:19.411Z] Time:          Mon Apr 28 2025 22:36:19 GMT-0700 (Pacific Daylight Time)
[debug] [2025-04-29T05:36:19.413Z] ----------------------------------------------------------------------
[debug] 
[debug] [2025-04-29T05:36:19.461Z] > command requires scopes: ["email","openid","https://www.googleapis.com/auth/cloudplatformprojects.readonly","https://www.googleapis.com/auth/firebase","https://www.googleapis.com/auth/cloud-platform"]
[debug] [2025-04-29T05:36:19.464Z] > authorizing via signed-in user (evantluong105@gmail.com)
[info] 
     ######## #### ########  ######## ########     ###     ######  ########
     ##        ##  ##     ## ##       ##     ##  ##   ##  ##       ##
     ######    ##  ########  ######   ########  #########  ######  ######
     ##        ##  ##    ##  ##       ##     ## ##     ##       ## ##
     ##       #### ##     ## ######## ########  ##     ##  ######  ########

You're about to initialize a Firebase project in this directory:

  C:\Users\evant\OneDrive\Documents\UW\Quarter 3\SWEHACKTHON

[info] 
=== Project Setup
[info] 
[info] First, let's associate this project directory with a Firebase project.
[info] You can create multiple project aliases by running firebase use --add, 
[info] but for now we'll just set up a default project.
[info] 
[debug] [2025-04-29T05:36:42.762Z] Checked if tokens are valid: true, expires at: 1745908551968
[debug] [2025-04-29T05:36:42.763Z] Checked if tokens are valid: true, expires at: 1745908551968
[debug] [2025-04-29T05:36:42.768Z] >>> [apiv2][query] GET https://firebase.googleapis.com/v1beta1/projects pageSize=100
[debug] [2025-04-29T05:36:43.311Z] <<< [apiv2][status] GET https://firebase.googleapis.com/v1beta1/projects 200
[debug] [2025-04-29T05:36:43.311Z] <<< [apiv2][body] GET https://firebase.googleapis.com/v1beta1/projects [omitted]
[info] i  Using project lockedin-76588 (LockedIn) 
[info] 
=== Hosting Setup
[debug] [2025-04-29T05:36:45.486Z] Checked if tokens are valid: true, expires at: 1745908551968
[debug] [2025-04-29T05:36:45.486Z] Checked if tokens are valid: true, expires at: 1745908551968
[debug] [2025-04-29T05:36:45.486Z] >>> [apiv2][query] GET https://firebase.googleapis.com/v1beta1/projects/lockedin-76588 [none]
[debug] [2025-04-29T05:36:45.678Z] <<< [apiv2][status] GET https://firebase.googleapis.com/v1beta1/projects/lockedin-76588 200
[debug] [2025-04-29T05:36:45.678Z] <<< [apiv2][body] GET https://firebase.googleapis.com/v1beta1/projects/lockedin-76588 {"projectId":"lockedin-76588","projectNumber":"813005302505","displayName":"LockedIn","name":"projects/lockedin-76588","resources":{"hostingSite":"lockedin-76588"},"state":"ACTIVE","etag":"1_23ee16e9-0932-45c0-8fe1-a87eacb8b52d"}
[info] 
[info] Your public directory is the folder (relative to your project directory) that
[info] will contain Hosting assets to be uploaded with firebase deploy. If you
[info] have a build process for your assets, use your build's output directory.
[info] 
[info] +  Wrote public/404.html 
[debug] [2025-04-29T05:39:05.617Z] >>> [apiv2][query] GET https://www.gstatic.com/firebasejs/releases.json [none]
[debug] [2025-04-29T05:39:05.739Z] <<< [apiv2][status] GET https://www.gstatic.com/firebasejs/releases.json 200
[debug] [2025-04-29T05:39:05.740Z] <<< [apiv2][body] GET https://www.gstatic.com/firebasejs/releases.json {"current":{"version":"11.6.1","browserURL":"https://www.gstatic.com/firebasejs/11.6.1/firebase.js","packageURL":"https://www.gstatic.com/firebasejs/11.6.1/firebase.tgz"},"live":{"version":"11.6","browserURL":"https://www.gstatic.com/firebasejs/live/11.6/firebase.js","packageURL":"https://www.gstatic.com/firebasejs/live/11.6/firebase.tgz"},"components":{"analytics":"https://www.gstatic.com/firebasejs/11.6.1/firebase-analytics.js","app":"https://www.gstatic.com/firebasejs/11.6.1/firebase-app.js","app-check":"https://www.gstatic.com/firebasejs/11.6.1/firebase-app-check.js","auth":"https://www.gstatic.com/firebasejs/11.6.1/firebase-auth.js","auth/cordova":"https://www.gstatic.com/firebasejs/11.6.1/firebase-auth/cordova.js","auth/web-extension":"https://www.gstatic.com/firebasejs/11.6.1/firebase-auth/web-extension.js","functions":"https://www.gstatic.com/firebasejs/11.6.1/firebase-functions.js","firestore":"https://www.gstatic.com/firebasejs/11.6.1/firebase-firestore.js","firestore/lite":"https://www.gstatic.com/firebasejs/11.6.1/firebase-firestore/lite.js","installations":"https://www.gstatic.com/firebasejs/11.6.1/firebase-installations.js","storage":"https://www.gstatic.com/firebasejs/11.6.1/firebase-storage.js","performance":"https://www.gstatic.com/firebasejs/11.6.1/firebase-performance.js","remote-config":"https://www.gstatic.com/firebasejs/11.6.1/firebase-remote-config.js","messaging":"https://www.gstatic.com/firebasejs/11.6.1/firebase-messaging.js","messaging/sw":"https://www.gstatic.com/firebasejs/11.6.1/firebase-messaging/sw.js","database":"https://www.gstatic.com/firebasejs/11.6.1/firebase-database.js","vertexai":"https://www.gstatic.com/firebasejs/11.6.1/firebase-vertexai.js","data-connect":"https://www.gstatic.com/firebasejs/11.6.1/firebase-data-connect.js","firestore.memory":"https://www.gstatic.com/firebasejs/11.6.1/firebase-firestore.memory.js"}}
[info] i  Skipping write of public/index.html 
[info] 
[info] i  Didn't detect a .git folder. Assuming C:\Users\evant\OneDrive\Documents\UW\Quarter 3\SWEHACKTHON is the project root. 
[info] i  Authorizing with GitHub to upload your service account to a GitHub repository's secrets store. 
[info] 
[info] Visit this URL on this device to log in:
[info] https://github.com/login/oauth/authorize?client_id=89cf50f02ac6aaed3484&state=349331827&redirect_uri=http%3A%2F%2Flocalhost%3A9005&scope=read%3Auser%20repo%20public_repo
[info] 
[info] Waiting for authentication...
[debug] [2025-04-29T05:39:32.941Z] >>> [apiv2][query] POST https://github.com/login/oauth/access_token [none]
[debug] [2025-04-29T05:39:32.942Z] >>> [apiv2][body] POST https://github.com/login/oauth/access_token [stream]
[debug] [2025-04-29T05:39:33.312Z] <<< [apiv2][status] POST https://github.com/login/oauth/access_token 200
[debug] [2025-04-29T05:39:33.312Z] <<< [apiv2][body] POST https://github.com/login/oauth/access_token {"access_token":"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","token_type":"bearer","scope":"read:user,repo"}
[debug] [2025-04-29T05:39:33.317Z] >>> [apiv2][query] GET https://api.github.com/user [none]
[debug] [2025-04-29T05:39:33.713Z] <<< [apiv2][status] GET https://api.github.com/user 200
[debug] [2025-04-29T05:39:33.713Z] <<< [apiv2][body] GET https://api.github.com/user {"login":"evanl105","id":183864854,"node_id":"U_kgDOCvWOFg","avatar_url":"https://avatars.githubusercontent.com/u/183864854?v=4","gravatar_id":"","url":"https://api.github.com/users/evanl105","html_url":"https://github.com/evanl105","followers_url":"https://api.github.com/users/evanl105/followers","following_url":"https://api.github.com/users/evanl105/following{/other_user}","gists_url":"https://api.github.com/users/evanl105/gists{/gist_id}","starred_url":"https://api.github.com/users/evanl105/starred{/owner}{/repo}","subscriptions_url":"https://api.github.com/users/evanl105/subscriptions","organizations_url":"https://api.github.com/users/evanl105/orgs","repos_url":"https://api.github.com/users/evanl105/repos","events_url":"https://api.github.com/users/evanl105/events{/privacy}","received_events_url":"https://api.github.com/users/evanl105/received_events","type":"User","user_view_type":"private","site_admin":false,"name":null,"company":null,"blog":"","location":null,"email":null,"hireable":null,"bio":null,"twitter_username":null,"notification_email":null,"public_repos":1,"public_gists":0,"followers":0,"following":0,"created_at":"2024-10-04T18:51:53Z","updated_at":"2025-04-24T02:32:13Z","private_gists":0,"total_private_repos":1,"owned_private_repos":1,"disk_usage":261,"collaborators":0,"two_factor_authentication":false,"plan":{"name":"free","space":976562499,"collaborators":0,"private_repos":10000}}
[info] 
[info] +  Success! Logged into GitHub as evanl105 
[info] 
[debug] [2025-04-29T05:40:29.904Z] >>> [apiv2][query] GET https://api.github.com/repos/evanl105/SWECATHON/actions/secrets/public-key type=owner
[debug] [2025-04-29T05:40:30.246Z] <<< [apiv2][status] GET https://api.github.com/repos/evanl105/SWECATHON/actions/secrets/public-key 200
[debug] [2025-04-29T05:40:30.247Z] <<< [apiv2][body] GET https://api.github.com/repos/evanl105/SWECATHON/actions/secrets/public-key {"key_id":"3380204578043523366","key":"xYYpvxHr8Mox0Dk3x2a1lVpKsxYHMvr+CbnxXwyAJRg="}
[debug] [2025-04-29T05:40:30.251Z] >>> [apiv2][query] GET https://api.github.com/repos/evanl105/SWECATHON [none]
[debug] [2025-04-29T05:40:30.452Z] <<< [apiv2][status] GET https://api.github.com/repos/evanl105/SWECATHON 200
[debug] [2025-04-29T05:40:30.452Z] <<< [apiv2][body] GET https://api.github.com/repos/evanl105/SWECATHON {"id":974559749,"node_id":"R_kgDOOhaaBQ","name":"SWECATHON","full_name":"evanl105/SWECATHON","private":false,"owner":{"login":"evanl105","id":183864854,"node_id":"U_kgDOCvWOFg","avatar_url":"https://avatars.githubusercontent.com/u/183864854?v=4","gravatar_id":"","url":"https://api.github.com/users/evanl105","html_url":"https://github.com/evanl105","followers_url":"https://api.github.com/users/evanl105/followers","following_url":"https://api.github.com/users/evanl105/following{/other_user}","gists_url":"https://api.github.com/users/evanl105/gists{/gist_id}","starred_url":"https://api.github.com/users/evanl105/starred{/owner}{/repo}","subscriptions_url":"https://api.github.com/users/evanl105/subscriptions","organizations_url":"https://api.github.com/users/evanl105/orgs","repos_url":"https://api.github.com/users/evanl105/repos","events_url":"https://api.github.com/users/evanl105/events{/privacy}","received_events_url":"https://api.github.com/users/evanl105/received_events","type":"User","user_view_type":"public","site_admin":false},"html_url":"https://github.com/evanl105/SWECATHON","description":"The files in this repo are the files used for the 2025 SWECATHON","fork":false,"url":"https://api.github.com/repos/evanl105/SWECATHON","forks_url":"https://api.github.com/repos/evanl105/SWECATHON/forks","keys_url":"https://api.github.com/repos/evanl105/SWECATHON/keys{/key_id}","collaborators_url":"https://api.github.com/repos/evanl105/SWECATHON/collaborators{/collaborator}","teams_url":"https://api.github.com/repos/evanl105/SWECATHON/teams","hooks_url":"https://api.github.com/repos/evanl105/SWECATHON/hooks","issue_events_url":"https://api.github.com/repos/evanl105/SWECATHON/issues/events{/number}","events_url":"https://api.github.com/repos/evanl105/SWECATHON/events","assignees_url":"https://api.github.com/repos/evanl105/SWECATHON/assignees{/user}","branches_url":"https://api.github.com/repos/evanl105/SWECATHON/branches{/branch}","tags_url":"https://api.github.com/repos/evanl105/SWECATHON/tags","blobs_url":"https://api.github.com/repos/evanl105/SWECATHON/git/blobs{/sha}","git_tags_url":"https://api.github.com/repos/evanl105/SWECATHON/git/tags{/sha}","git_refs_url":"https://api.github.com/repos/evanl105/SWECATHON/git/refs{/sha}","trees_url":"https://api.github.com/repos/evanl105/SWECATHON/git/trees{/sha}","statuses_url":"https://api.github.com/repos/evanl105/SWECATHON/statuses/{sha}","languages_url":"https://api.github.com/repos/evanl105/SWECATHON/languages","stargazers_url":"https://api.github.com/repos/evanl105/SWECATHON/stargazers","contributors_url":"https://api.github.com/repos/evanl105/SWECATHON/contributors","subscribers_url":"https://api.github.com/repos/evanl105/SWECATHON/subscribers","subscription_url":"https://api.github.com/repos/evanl105/SWECATHON/subscription","commits_url":"https://api.github.com/repos/evanl105/SWECATHON/commits{/sha}","git_commits_url":"https://api.github.com/repos/evanl105/SWECATHON/git/commits{/sha}","comments_url":"https://api.github.com/repos/evanl105/SWECATHON/comments{/number}","issue_comment_url":"https://api.github.com/repos/evanl105/SWECATHON/issues/comments{/number}","contents_url":"https://api.github.com/repos/evanl105/SWECATHON/contents/{+path}","compare_url":"https://api.github.com/repos/evanl105/SWECATHON/compare/{base}...{head}","merges_url":"https://api.github.com/repos/evanl105/SWECATHON/merges","archive_url":"https://api.github.com/repos/evanl105/SWECATHON/{archive_format}{/ref}","downloads_url":"https://api.github.com/repos/evanl105/SWECATHON/downloads","issues_url":"https://api.github.com/repos/evanl105/SWECATHON/issues{/number}","pulls_url":"https://api.github.com/repos/evanl105/SWECATHON/pulls{/number}","milestones_url":"https://api.github.com/repos/evanl105/SWECATHON/milestones{/number}","notifications_url":"https://api.github.com/repos/evanl105/SWECATHON/notifications{?since,all,participating}","labels_url":"https://api.github.com/repos/evanl105/SWECATHON/labels{/name}","releases_url":"https://api.github.com/repos/evanl105/SWECATHON/releases{/id}","deployments_url":"https://api.github.com/repos/evanl105/SWECATHON/deployments","created_at":"2025-04-29T01:01:50Z","updated_at":"2025-04-29T01:02:46Z","pushed_at":"2025-04-29T01:02:42Z","git_url":"git://github.com/evanl105/SWECATHON.git","ssh_url":"git@github.com:evanl105/SWECATHON.git","clone_url":"https://github.com/evanl105/SWECATHON.git","svn_url":"https://github.com/evanl105/SWECATHON","homepage":null,"size":12,"stargazers_count":0,"watchers_count":0,"language":"HTML","has_issues":true,"has_projects":true,"has_downloads":true,"has_wiki":true,"has_pages":false,"has_discussions":false,"forks_count":0,"mirror_url":null,"archived":false,"disabled":false,"open_issues_count":0,"license":null,"allow_forking":true,"is_template":false,"web_commit_signoff_required":false,"topics":[],"visibility":"public","forks":0,"open_issues":0,"watchers":0,"default_branch":"main","permissions":{"admin":true,"maintain":true,"push":true,"triage":true,"pull":true},"temp_clone_token":"","allow_squash_merge":true,"allow_merge_commit":true,"allow_rebase_merge":true,"allow_auto_merge":false,"delete_branch_on_merge":false,"allow_update_branch":false,"use_squash_pr_title_as_default":false,"squash_merge_commit_message":"COMMIT_MESSAGES","squash_merge_commit_title":"COMMIT_OR_PR_TITLE","merge_commit_message":"PR_TITLE","merge_commit_title":"MERGE_MESSAGE","security_and_analysis":{"secret_scanning":{"status":"enabled"},"secret_scanning_push_protection":{"status":"enabled"},"dependabot_security_updates":{"status":"disabled"},"secret_scanning_non_provider_patterns":{"status":"disabled"},"secret_scanning_validity_checks":{"status":"disabled"}},"network_count":0,"subscribers_count":1}
[debug] [2025-04-29T05:40:30.455Z] Checked if tokens are valid: true, expires at: 1745908551968
[debug] [2025-04-29T05:40:30.455Z] Checked if tokens are valid: true, expires at: 1745908551968
[debug] [2025-04-29T05:40:30.456Z] >>> [apiv2][query] POST https://iam.googleapis.com/v1/projects/lockedin-76588/serviceAccounts [none]
[debug] [2025-04-29T05:40:30.456Z] >>> [apiv2][body] POST https://iam.googleapis.com/v1/projects/lockedin-76588/serviceAccounts {"accountId":"github-action-974559749","serviceAccount":{"displayName":"GitHub Actions (evanl105/SWECATHON)","description":"A service account with permission to deploy to Firebase Hosting and Cloud Functions for the GitHub repository evanl105/SWECATHON"}}
[debug] [2025-04-29T05:40:31.260Z] <<< [apiv2][status] POST https://iam.googleapis.com/v1/projects/lockedin-76588/serviceAccounts 200
[debug] [2025-04-29T05:40:31.260Z] <<< [apiv2][body] POST https://iam.googleapis.com/v1/projects/lockedin-76588/serviceAccounts [omitted]
[debug] [2025-04-29T05:40:31.261Z] Checked if tokens are valid: true, expires at: 1745908551968
[debug] [2025-04-29T05:40:31.261Z] Checked if tokens are valid: true, expires at: 1745908551968
[debug] [2025-04-29T05:40:31.261Z] Checked if tokens are valid: true, expires at: 1745908551968
[debug] [2025-04-29T05:40:31.261Z] Checked if tokens are valid: true, expires at: 1745908551968
[debug] [2025-04-29T05:40:31.262Z] >>> [apiv2][query] GET https://iam.googleapis.com/v1/projects/lockedin-76588/serviceAccounts/github-action-974559749@lockedin-76588.iam.gserviceaccount.com [none]
[debug] [2025-04-29T05:40:31.263Z] >>> [apiv2][query] POST https://cloudresourcemanager.googleapis.com/v1/projects/lockedin-76588:getIamPolicy [none]
[debug] [2025-04-29T05:40:31.525Z] <<< [apiv2][status] GET https://iam.googleapis.com/v1/projects/lockedin-76588/serviceAccounts/github-action-974559749@lockedin-76588.iam.gserviceaccount.com 404
[debug] [2025-04-29T05:40:31.525Z] <<< [apiv2][body] GET https://iam.googleapis.com/v1/projects/lockedin-76588/serviceAccounts/github-action-974559749@lockedin-76588.iam.gserviceaccount.com {"error":{"code":404,"message":"Service account projects/lockedin-76588/serviceAccounts/github-action-974559749@lockedin-76588.iam.gserviceaccount.com does not exist.","status":"NOT_FOUND"}}
[debug] [2025-04-29T05:40:31.531Z] Checked if tokens are valid: true, expires at: 1745908551968
[debug] [2025-04-29T05:40:31.531Z] Checked if tokens are valid: true, expires at: 1745908551968
[debug] [2025-04-29T05:40:31.531Z] >>> [apiv2][query] GET https://iam.googleapis.com/v1/projects/lockedin-76588/serviceAccounts/github-action-974559749@lockedin-76588.iam.gserviceaccount.com/keys [none]
[debug] [2025-04-29T05:40:31.551Z] <<< [apiv2][status] POST https://cloudresourcemanager.googleapis.com/v1/projects/lockedin-76588:getIamPolicy 200
[debug] [2025-04-29T05:40:31.552Z] <<< [apiv2][body] POST https://cloudresourcemanager.googleapis.com/v1/projects/lockedin-76588:getIamPolicy {"version":1,"etag":"BwYz5BTlub0=","bindings":[{"role":"roles/firebase.managementServiceAgent","members":["serviceAccount:service-813005302505@gcp-sa-firebase.iam.gserviceaccount.com"]},{"role":"roles/firebase.sdkAdminServiceAgent","members":["serviceAccount:firebase-adminsdk-fbsvc@lockedin-76588.iam.gserviceaccount.com"]},{"role":"roles/iam.serviceAccountTokenCreator","members":["serviceAccount:firebase-adminsdk-fbsvc@lockedin-76588.iam.gserviceaccount.com"]},{"role":"roles/owner","members":["user:evantluong105@gmail.com"]}]}
[debug] [2025-04-29T05:40:31.708Z] <<< [apiv2][status] GET https://iam.googleapis.com/v1/projects/lockedin-76588/serviceAccounts/github-action-974559749@lockedin-76588.iam.gserviceaccount.com/keys 200
[debug] [2025-04-29T05:40:31.709Z] <<< [apiv2][body] GET https://iam.googleapis.com/v1/projects/lockedin-76588/serviceAccounts/github-action-974559749@lockedin-76588.iam.gserviceaccount.com/keys {"keys":[{"name":"projects/lockedin-76588/serviceAccounts/github-action-974559749@lockedin-76588.iam.gserviceaccount.com/keys/2bb88669a7e8df668f65ab0ec2d138b6445cc089","validAfterTime":"2025-04-29T05:40:30Z","validBeforeTime":"2027-04-30T04:39:10Z","keyAlgorithm":"KEY_ALG_RSA_2048","keyOrigin":"GOOGLE_PROVIDED","keyType":"SYSTEM_MANAGED"}]}
[error] 
[error] Error: Request to https://iam.googleapis.com/v1/projects/lockedin-76588/serviceAccounts/github-action-974559749@lockedin-76588.iam.gserviceaccount.com had HTTP Error: 404, Service account projects/lockedin-76588/serviceAccounts/github-action-974559749@lockedin-76588.iam.gserviceaccount.com does not exist.
[debug] [2025-04-29T05:40:31.712Z] Error Context: {
  "body": {
    "error": {
      "code": 404,
      "message": "Service account projects/lockedin-76588/serviceAccounts/github-action-974559749@lockedin-76588.iam.gserviceaccount.com does not exist.",
      "status": "NOT_FOUND"
    }
  },
  "response": {
    "statusCode": 404
  }
}
